
=== Fri Aug 23 13:18:38 2019

Packages were changed.
Update Mode: mergeDefaultDependencies

The following packages were added:
  com.unity.package-manager-ui@2.2.0
  com.unity.ext.nunit@1.0.0
  com.unity.test-framework@1.0.13
  com.unity.ide.vscode@1.0.7
  com.unity.ide.rider@1.0.8
  com.unity.ugui@1.0.0
  com.unity.modules.androidjni@1.0.0
The following packages were updated:
  com.unity.collab-proxy from version 1.2.9 to 1.2.16
  com.unity.textmeshpro from version 2.0.0 to 2.0.1
  com.unity.timeline from version 0.0.0-builtin to 1.1.0

=== Mon Jan 31 17:48:46 2022

Packages were changed.
Update Mode: updateDependencies

The following packages were added:
  com.unity.ide.visualstudio@2.0.12
The following packages were updated:
  com.unity.ads from version 2.0.8 to 3.7.5
  com.unity.analytics from version 3.3.2 to 3.6.12
  com.unity.burst from version 1.1.2 to 1.6.0
  com.unity.cinemachine from version 2.3.4 to 2.8.2
  com.unity.collab-proxy from version 1.2.16 to 1.15.4
  com.unity.ext.nunit from version 1.0.0 to 1.0.6
  com.unity.ide.rider from version 1.0.8 to 3.0.7
  com.unity.ide.vscode from version 1.0.7 to 1.2.4
  com.unity.postprocessing from version 2.1.7 to 3.2.0
  com.unity.purchasing from version 2.0.6 to 4.1.1
  com.unity.shadergraph from version 6.9.1 to 12.1.2
  com.unity.test-framework from version 1.0.18 to 1.1.29
  com.unity.textmeshpro from version 2.0.1 to 3.0.6
  com.unity.timeline from version 1.1.0 to 1.6.3
  com.unity.xr.legacyinputhelpers from version 2.0.6 to 2.1.8
The following packages were removed:
  com.unity.package-manager-ui@2.2.0
